<?xml version="1.0" encoding="UTF-8"?>
<!-- Generated by org.testng.reporters.JUnitReportReporter -->
<testsuite hostname="AneeshBhavan" failures="0" tests="1" name="com.sevenrmartsupermarket.tests.LoginTest" time="7.594" errors="0" timestamp="2024-11-27T23:54:28 IST" skipped="0">
  <testcase classname="com.sevenrmartsupermarket.tests.LoginTest" name="VerifyAdminUserLogin" time="7.594"/>
</testsuite> <!-- com.sevenrmartsupermarket.tests.LoginTest -->
