<?xml version="1.0" encoding="UTF-8"?>
<!-- Generated by org.testng.reporters.JUnitReportReporter -->
<testsuite hostname="AneeshBhavan" failures="0" tests="1" name="com.sevenrmartsupermarket.tests.LoginTest" time="5.945" errors="0" timestamp="2024-11-27T23:58:12 IST" skipped="0">
  <testcase classname="com.sevenrmartsupermarket.tests.LoginTest" name="VerifyAdminUserLogin" time="5.945"/>
</testsuite> <!-- com.sevenrmartsupermarket.tests.LoginTest -->
