<?xml version="1.0" encoding="UTF-8"?>
<!-- Generated by org.testng.reporters.JUnitReportReporter -->
<testsuite hostname="AneeshBhavan" failures="0" tests="1" name="com.sevenrmartsupermarket.tests.HomeTest" time="5.957" errors="0" timestamp="2024-11-27T19:35:33 IST" skipped="0">
  <testcase classname="com.sevenrmartsupermarket.tests.HomeTest" name="VerifyAdminUserLogin" time="5.957"/>
</testsuite> <!-- com.sevenrmartsupermarket.tests.HomeTest -->
